<?xml version="1.0" encoding="UTF-8"?>
<testng-results ignored="0" total="3" passed="3" failed="0" skipped="0">
  <reporter-output>
  </reporter-output>
  <suite started-at="2024-01-02T19:41:24 GMT-05:00" name="Default suite" finished-at="2024-01-02T19:41:37 GMT-05:00" duration-ms="12735">
    <groups>
    </groups>
    <test started-at="2024-01-02T19:41:24 GMT-05:00" name="Default test" finished-at="2024-01-02T19:41:37 GMT-05:00" duration-ms="12735">
      <class name="files.DynamicJson">
        <test-method signature="addBook(java.lang.String, java.lang.String)[pri:0, instance:files.DynamicJson@71c3b41]" started-at="2024-01-02T19:41:24 GMT-05:00" name="addBook" data-provider="BookName" finished-at="2024-01-02T19:41:35 GMT-05:00" duration-ms="10921" status="PASS">
          <params>
            <param index="0">
              <value>
                <![CDATA[abcde]]>
              </value>
            </param>
            <param index="1">
              <value>
                <![CDATA[321]]>
              </value>
            </param>
          </params>
          <reporter-output>
          </reporter-output>
        </test-method> <!-- addBook -->
        <test-method signature="addBook(java.lang.String, java.lang.String)[pri:0, instance:files.DynamicJson@71c3b41]" started-at="2024-01-02T19:41:35 GMT-05:00" name="addBook" data-provider="BookName" finished-at="2024-01-02T19:41:36 GMT-05:00" duration-ms="888" status="PASS">
          <params>
            <param index="0">
              <value>
                <![CDATA[fghij]]>
              </value>
            </param>
            <param index="1">
              <value>
                <![CDATA[322]]>
              </value>
            </param>
          </params>
          <reporter-output>
          </reporter-output>
        </test-method> <!-- addBook -->
        <test-method signature="addBook(java.lang.String, java.lang.String)[pri:0, instance:files.DynamicJson@71c3b41]" started-at="2024-01-02T19:41:36 GMT-05:00" name="addBook" data-provider="BookName" finished-at="2024-01-02T19:41:37 GMT-05:00" duration-ms="765" status="PASS">
          <params>
            <param index="0">
              <value>
                <![CDATA[klmno]]>
              </value>
            </param>
            <param index="1">
              <value>
                <![CDATA[323]]>
              </value>
            </param>
          </params>
          <reporter-output>
          </reporter-output>
        </test-method> <!-- addBook -->
      </class> <!-- files.DynamicJson -->
    </test> <!-- Default test -->
  </suite> <!-- Default suite -->
</testng-results>
